Removed Pin From Net: NetName=GND Pin=J1-A1
Removed Pin From Net: NetName=VCC Pin=J1-A4
Removed Pin From Net: NetName=VCC Pin=J1-A9
Removed Pin From Net: NetName=GND Pin=J1-A12
Removed Pin From Net: NetName=GND Pin=J1-B1
Removed Pin From Net: NetName=VCC Pin=J1-B4
Removed Pin From Net: NetName=VCC Pin=J1-B9
Removed Pin From Net: NetName=GND Pin=J1-B12
Removed Pin From Net: NetName=GND Pin=J1-SH1
Removed Pin From Net: NetName=GND Pin=J1-SH2
Removed Pin From Net: NetName=GND Pin=J1-SH3
Removed Pin From Net: NetName=GND Pin=J1-SH4
Removed Pin From Net: NetName=GND Pin=U1-3
Removed Member From Class: ClassName=breath_led Member=J1
Change component parameters: Designator = "C1"; Footprint = "C 0805"; UniqueID = "\MGOUDOLI"
Change component parameters. Clean all parameters for all variants
Change component parameters (AddParameter): Name = "BOM名称"; Value = "无极性贴片电容"; VariantName = "[No Variations]"
Change component parameters (AddParameter): Name = "学习资源"; Value = "https://lmdzstyle.taobao.com/"; VariantName = "[No Variations]"
Change component parameters (AddParameter): Name = "版权归属"; Value = "黎明电子style"; VariantName = "[No Variations]"
Change component parameters: Designator = "JP1"; Footprint = "HDR-1X2"; UniqueID = "\HSRVPZYB"
Change component parameters. Clean all parameters for all variants
Change component parameters (AddParameter): Name = "BOM名称"; Value = "2P接插件"; VariantName = "[No Variations]"
Change component parameters (AddParameter): Name = "学习资源"; Value = "https://lmdzstyle.taobao.com/"; VariantName = "[No Variations]"
Change component parameters (AddParameter): Name = "版权归属"; Value = "黎明电子style"; VariantName = "[No Variations]"
Change component parameters: Designator = "JP2"; Footprint = "HDR-1X3"; UniqueID = "\PQKRURLL"
Change component parameters. Clean all parameters for all variants
Change component parameters (AddParameter): Name = "BOM名称"; Value = "3P接插件"; VariantName = "[No Variations]"
Change component parameters (AddParameter): Name = "学习资源"; Value = "https://lmdzstyle.taobao.com/"; VariantName = "[No Variations]"
Change component parameters (AddParameter): Name = "版权归属"; Value = "黎明电子style"; VariantName = "[No Variations]"
Change component parameters: Designator = "R1"; Footprint = "R 0805"; UniqueID = "\FZSCGDCT"
Change component parameters. Clean all parameters for all variants
Change component parameters (AddParameter): Name = "BOM名称"; Value = "贴片电阻"; VariantName = "[No Variations]"
Change component parameters (AddParameter): Name = "学习资源"; Value = "https://lmdzstyle.taobao.com/"; VariantName = "[No Variations]"
Change component parameters (AddParameter): Name = "版权归属"; Value = "黎明电子style"; VariantName = "[No Variations]"
Change component parameters: Designator = "R2"; Footprint = "R 0805"; UniqueID = "\FUIDEVYX"
Change component parameters. Clean all parameters for all variants
Change component parameters (AddParameter): Name = "BOM名称"; Value = "贴片电阻"; VariantName = "[No Variations]"
Change component parameters (AddParameter): Name = "学习资源"; Value = "https://lmdzstyle.taobao.com/"; VariantName = "[No Variations]"
Change component parameters (AddParameter): Name = "版权归属"; Value = "黎明电子style"; VariantName = "[No Variations]"
Change component parameters: Designator = "S1"; Footprint = "MSK-12C01-07"; UniqueID = "\DIFGQNFU"
Change component parameters. Clean all parameters for all variants
Change component parameters (AddParameter): Name = "BOM名称"; Value = "波动开关"; VariantName = "[No Variations]"
Change component parameters (AddParameter): Name = "学习资源"; Value = "https://lmdzstyle.taobao.com/"; VariantName = "[No Variations]"
Change component parameters (AddParameter): Name = "版权归属"; Value = "黎明电子style"; VariantName = "[No Variations]"
Added Component: Designator=USB1(USB-MICRO_A)
Add component. Clean all parameters for all variants
Add component (AddParameter): Name = "BOM名称"; Value = "微型USB母座"; VariantName = "[No Variations]"
Add component (AddParameter): Name = "学习资源"; Value = "https://lmdzstyle.taobao.com/"; VariantName = "[No Variations]"
Add component (AddParameter): Name = "版权归属"; Value = "黎明电子style"; VariantName = "[No Variations]"
Added Pin To Net: NetName=VCC Pin=USB1-1
Added Pin To Net: NetName=GND Pin=USB1-5
Added Pin To Net: NetName=GND Pin=USB1-5
Added Pin To Net: NetName=GND Pin=USB1-5
Added Pin To Net: NetName=GND Pin=USB1-5
Added Pin To Net: NetName=GND Pin=USB1-5
Added Pin To Net: NetName=NetU1_1 Pin=U1-1
Added Pin To Net: NetName=NetU1_1 Pin=USB1-3
Added Net: Name=NetU1_1
Added Pin To Net: NetName=NetU1_2 Pin=U1-2
Added Pin To Net: NetName=NetU1_2 Pin=USB1-2
Added Net: Name=NetU1_2
Added Member To Class: ClassName=breath_led Member=Component USB1 USB-5P
Added Room: Name=breath_led
