Removed Member From Class: ClassName=breath_led Member=*6
Removed Member From Class: ClassName=breath_led Member=D1
Removed Member From Class: ClassName=breath_led Member=LED1
Removed Member From Class: ClassName=breath_led Member=R2
Removed Member From Class: ClassName=breath_led Member=R3
Change Component Footprint: Designator=*5 Old Footprint=JP New Footprint=灯带连接焊盘 -顶层 - 2P
Change Component Footprint: Designator=R1 Old Footprint=R 0805 New Footprint=0805电阻
Change Component Footprint: Designator=*4 Old Footprint=接线端子 KF350 3P New Footprint=灯带连接焊盘 -顶层
Change Component Comment : Designator=R1 Old Comment=4.7k New Comment=1MΩ
Change Component Designator: OldDesignator=*2 NewDesignator=*3
Change Component Designator: OldDesignator=C2 NewDesignator=C1
Change component parameters: Designator = "C3" ("C3"); Footprint = "0805电容"; UniqueID = "\MGBVNRKM" ("\MGBVNRKM")
Change component parameters (AddParameter): Name = "LatestRevisionDate"; Value = "17-Jul-2002"; VariantName = "[No Variations]"
Change component parameters (AddParameter): Name = "LatestRevisionNote"; Value = "Re-released for DXP Platform."; VariantName = "[No Variations]"
Change component parameters (AddParameter): Name = "PackageDescription"; Value = "Radial Cap, Thru-Hole; 2 Leads; 0.3 in Pin Spacing"; VariantName = "[No Variations]"
Change component parameters (AddParameter): Name = "PackageReference"; Value = "RAD-0.3"; VariantName = "[No Variations]"
Change component parameters (AddParameter): Name = "Published"; Value = "8-Jun-2000"; VariantName = "[No Variations]"
Change component parameters (AddParameter): Name = "Publisher"; Value = "Altium Limited"; VariantName = "[No Variations]"
Change component parameters: Designator = "R1" ("R1"); Footprint = "R 0805"; UniqueID = "\LRZRMHXB" ("\LRZRMHXB")
Added Component: Designator=*2(SOT89_M)
Added Component: Designator=C2(0805电容)
Added Pin To Net: NetName=Control Pin=*1-1
Added Pin To Net: NetName=Control Pin=*5-1
Added Pin To Net: NetName=Control Pin=C3-2
Added Pin To Net: NetName=Control Pin=R1-2
Added Net: Name=Control
Added Pin To Net: NetName=GND Pin=*1-8
Added Pin To Net: NetName=GND Pin=*2-1
Added Pin To Net: NetName=GND Pin=*3-4
Added Pin To Net: NetName=GND Pin=*4-3
Added Pin To Net: NetName=GND Pin=C1-1
Added Pin To Net: NetName=GND Pin=C2-1
Added Pin To Net: NetName=GND Pin=C3-1
Added Pin To Net: NetName=GND Pin=R1-1
Added Net: Name=GND
Added Pin To Net: NetName=Led Pin=*1-7
Added Pin To Net: NetName=Led Pin=*4-2
Added Net: Name=Led
Added Pin To Net: NetName=RX Pin=*1-10
Added Pin To Net: NetName=RX Pin=*3-3
Added Net: Name=RX
Added Pin To Net: NetName=TX Pin=*1-9
Added Pin To Net: NetName=TX Pin=*3-2
Added Net: Name=TX
Added Pin To Net: NetName=VCC_5V Pin=*1-6
Added Pin To Net: NetName=VCC_5V Pin=*2-3
Added Pin To Net: NetName=VCC_5V Pin=*3-1
Added Pin To Net: NetName=VCC_5V Pin=C1-2
Added Net: Name=VCC_5V
Added Pin To Net: NetName=VCC Pin=*2-2
Added Pin To Net: NetName=VCC Pin=*2-2
Added Pin To Net: NetName=VCC Pin=*4-1
Added Pin To Net: NetName=VCC Pin=*5-2
Added Pin To Net: NetName=VCC Pin=C2-2
Added Net: Name=VCC
Added Room: Name=breath_led
