Removed Pin From Net: NetName=VCC Pin=*2-2
Removed Pin From Net: NetName=VCC Pin=*2-2
Removed Pin From Net: NetName=VCC Pin=C2-2
Added Component: Designator=D1(SMC)
Add component (AddParameter): Name = "Code_JEDEC"; Value = "DO-214-AB"; VariantName = "[No Variations]"
Add component (AddParameter): Name = "LatestRevisionDate"; Value = "17-Jul-2002"; VariantName = "[No Variations]"
Add component (AddParameter): Name = "LatestRevisionNote"; Value = "Re-released for DXP Platform."; VariantName = "[No Variations]"
Add component (AddParameter): Name = "PackageDescription"; Value = "DO-214-AB/SMC; 2 C-Bend Leads; Body 7.9 x 5.9 mm, inc. leads (LxW)"; VariantName = "[No Variations]"
Add component (AddParameter): Name = "PackageReference"; Value = "SMC"; VariantName = "[No Variations]"
Add component (AddParameter): Name = "PackageVersion"; Value = "Sep-1996"; VariantName = "[No Variations]"
Add component (AddParameter): Name = "Published"; Value = "8-Jun-2000"; VariantName = "[No Variations]"
Add component (AddParameter): Name = "Publisher"; Value = "Altium Limited"; VariantName = "[No Variations]"
Added Pin To Net: NetName=VCC Pin=D1-1
Added Pin To Net: NetName=Net*2_2 Pin=*2-2
Added Pin To Net: NetName=Net*2_2 Pin=*2-2
Added Pin To Net: NetName=Net*2_2 Pin=C2-2
Added Pin To Net: NetName=Net*2_2 Pin=D1-2
Added Net: Name=Net*2_2
Added Member To Class: ClassName=breath_led Member=Component *2 HT7550Œ»—ππ‹
Added Member To Class: ClassName=breath_led Member=Component *3 4P 2.54mm≈≈’Î
Added Member To Class: ClassName=breath_led Member=Component C1 104
Added Member To Class: ClassName=breath_led Member=Component C2 104
Added Member To Class: ClassName=breath_led Member=Component D1 Diode
Added Room: Name=breath_led
