Added Pin To Net: NetName=Control Pin=*1-16
Added Pin To Net: NetName=Control Pin=LED1-2
Added Pin To Net: NetName=Control Pin=R1-2
Added Net: Name=Control
Added Pin To Net: NetName=GND Pin=*1-8
Added Pin To Net: NetName=GND Pin=*2-2
Added Pin To Net: NetName=GND Pin=*2-2
Added Pin To Net: NetName=GND Pin=*3-3
Added Pin To Net: NetName=GND Pin=C1-1
Added Pin To Net: NetName=GND Pin=C2-1
Added Pin To Net: NetName=GND Pin=C3-2
Added Pin To Net: NetName=GND Pin=Q1-3
Added Pin To Net: NetName=GND Pin=R3-1
Added Net: Name=GND
Added Pin To Net: NetName=Led Pin=*1-15
Added Pin To Net: NetName=Led Pin=*3-2
Added Net: Name=Led
Added Pin To Net: NetName=Net*4_12 Pin=C3-1
Added Pin To Net: NetName=Net*4_12 Pin=R2-2
Added Pin To Net: NetName=Net*4_12 Pin=R3-2
Added Net: Name=Net*4_12
Added Pin To Net: NetName=NetD1_1 Pin=D1-1
Added Pin To Net: NetName=NetD1_1 Pin=R1-1
Added Net: Name=NetD1_1
Added Pin To Net: NetName=NetD1_2 Pin=D1-2
Added Pin To Net: NetName=NetD1_2 Pin=Q1-1
Added Net: Name=NetD1_2
Added Pin To Net: NetName=NetQ1_2 Pin=Q1-2
Added Pin To Net: NetName=NetQ1_2 Pin=R2-1
Added Net: Name=NetQ1_2
Added Pin To Net: NetName=VCC_5V Pin=*1-6
Added Pin To Net: NetName=VCC_5V Pin=*2-3
Added Pin To Net: NetName=VCC_5V Pin=C2-2
Added Pin To Net: NetName=VCC_5V Pin=LED1-1
Added Net: Name=VCC_5V
Added Pin To Net: NetName=VCC Pin=*2-1
Added Pin To Net: NetName=VCC Pin=*3-1
Added Pin To Net: NetName=VCC Pin=C1-2
Added Net: Name=VCC
Added Member To Class: ClassName=breath_led Member=Component C1 104
